<?xml version="1.0" encoding="UTF-8"?>
<!-- Generated by org.testng.reporters.JUnitXMLReporter -->
<testsuite ignored="0" hostname="Subhams-MacBook-Air.local" failures="1" tests="3" name="Test" time="0.088" errors="0" timestamp="2024-02-25T01:03:20 IST">
  <testcase classname="Listeners.ListenerTest" name="test1" time="0.008"/>
  <testcase classname="Listeners.ListenerTest" name="test2" time="0.001">
    <failure type="java.lang.AssertionError" message="expected:&amp;lt;A&amp;gt; but was:&amp;lt;B&amp;gt;">
      <![CDATA[java.lang.AssertionError: expected:<A> but was:<B>
at Listeners.ListenerTest.test2(ListenerTest.java:23)
at java.base/java.util.ArrayList.forEach(ArrayList.java:1511)
... Removed 29 stack frames]]>
    </failure>
  </testcase> <!-- test2 -->
  <testcase classname="Listeners.ListenerTest" name="test3" time="0.002">
    <skipped/>
  </testcase> <!-- test3 -->
</testsuite> <!-- Test -->
